EDA Netlist Writer report for singlecpu
Wed Nov 04 23:12:44 2020
Quartus II 64-Bit Version 9.1 Build 222 10/21/2009 SJ Full Version


---------------------
; Table of Contents ;
---------------------
  1. Legal Notice
  2. EDA Netlist Writer Summary
  3. EDA Netlist Writer Messages



----------------
; Legal Notice ;
----------------
Copyright (C) 1991-2009 Altera Corporation
Your use of Altera Corporation's design tools, logic functions 
and other software and tools, and its AMPP partner logic 
functions, and any output files from any of the foregoing 
(including device programming or simulation files), and any 
associated documentation or information are expressly subject 
to the terms and conditions of the Altera Program License 
Subscription Agreement, Altera MegaCore Function License 
Agreement, or other applicable license agreement, including, 
without limitation, that your use is for the sole purpose of 
programming logic devices manufactured by Altera and sold by 
Altera or its authorized distributors.  Please refer to the 
applicable agreement for further details.



+---------------------------------------------------------------+
; EDA Netlist Writer Summary                                    ;
+---------------------------+-----------------------------------+
; EDA Netlist Writer Status ; Failed - Wed Nov 04 23:12:44 2020 ;
; Revision Name             ; singlecpu                         ;
; Top-level Entity Name     ; Cnt4                              ;
; Family                    ; Cyclone IV GX                     ;
+---------------------------+-----------------------------------+


+-----------------------------+
; EDA Netlist Writer Messages ;
+-----------------------------+
Info: *******************************************************************
Info: Running Quartus II 64-Bit EDA Netlist Writer
    Info: Version 9.1 Build 222 10/21/2009 SJ Full Version
    Info: Processing started: Wed Nov 04 23:12:44 2020
Info: Command: quartus_eda --read_settings_files=off --write_settings_files=off singlecpu -c singlecpu
Error: Unable to generate the EDA timing simulation netlist files because the Quartus II software does not currently support timing simulation for the Cyclone IV GX devices
Error: Quartus II 64-Bit EDA Netlist Writer was unsuccessful. 1 error, 8 warnings
    Error: Peak virtual memory: 4377 megabytes
    Error: Processing ended: Wed Nov 04 23:12:45 2020
    Error: Elapsed time: 00:00:01
    Error: Total CPU time (on all processors): 00:00:00


