Flow report for singlecpu
Wed Nov 04 23:12:44 2020
Quartus II 64-Bit Version 9.1 Build 222 10/21/2009 SJ Full Version


---------------------
; Table of Contents ;
---------------------
  1. Legal Notice
  2. Flow Summary
  3. Flow Settings
  4. Flow Non-Default Global Settings
  5. Flow Elapsed Time
  6. Flow OS Summary
  7. Flow Log



----------------
; Legal Notice ;
----------------
Copyright (C) 1991-2009 Altera Corporation
Your use of Altera Corporation's design tools, logic functions 
and other software and tools, and its AMPP partner logic 
functions, and any output files from any of the foregoing 
(including device programming or simulation files), and any 
associated documentation or information are expressly subject 
to the terms and conditions of the Altera Program License 
Subscription Agreement, Altera MegaCore Function License 
Agreement, or other applicable license agreement, including, 
without limitation, that your use is for the sole purpose of 
programming logic devices manufactured by Altera and sold by 
Altera or its authorized distributors.  Please refer to the 
applicable agreement for further details.



+-------------------------------------------------------------------------------------------+
; Flow Summary                                                                              ;
+------------------------------------+------------------------------------------------------+
; Flow Status                        ; EDA Netlist Writer Failed - Wed Nov 04 23:12:44 2020 ;
; Quartus II 64-Bit Version          ; 9.1 Build 222 10/21/2009 SJ Full Version             ;
; Revision Name                      ; singlecpu                                            ;
; Top-level Entity Name              ; Cnt4                                                 ;
; Family                             ; Cyclone IV GX                                        ;
; Met timing requirements            ; N/A                                                  ;
; Total logic elements               ; 4 / 14,400 ( < 1 % )                                 ;
;     Total combinational functions  ; 4 / 14,400 ( < 1 % )                                 ;
;     Dedicated logic registers      ; 4 / 14,400 ( < 1 % )                                 ;
; Total registers                    ; 0                                                    ;
; Total pins                         ; 5 / 81 ( 6 % )                                       ;
; Total virtual pins                 ; 0                                                    ;
; Total memory bits                  ; 0 / 552,960 ( 0 % )                                  ;
; Embedded Multiplier 9-bit elements ; 0                                                    ;
; Total GXB Receiver Channel PCS     ; 0 / 2 ( 0 % )                                        ;
; Total GXB Receiver Channel PMA     ; 0 / 2 ( 0 % )                                        ;
; Total GXB Transmitter Channel PCS  ; 0 / 2 ( 0 % )                                        ;
; Total GXB Transmitter Channel PMA  ; 0 / 2 ( 0 % )                                        ;
; Total PLLs                         ; 0 / 3 ( 0 % )                                        ;
; Device                             ; EP4CGX15BF14C6                                       ;
; Timing Models                      ; Preliminary                                          ;
+------------------------------------+------------------------------------------------------+


+-----------------------------------------+
; Flow Settings                           ;
+-------------------+---------------------+
; Option            ; Setting             ;
+-------------------+---------------------+
; Start date & time ; 11/04/2020 23:12:38 ;
; Main task         ; Compilation         ;
; Revision Name     ; singlecpu           ;
+-------------------+---------------------+


+-------------------------------------------------------------------------------------------------------------------+
; Flow Non-Default Global Settings                                                                                  ;
+-------------------------------------+------------------------------+---------------+-------------+----------------+
; Assignment Name                     ; Value                        ; Default Value ; Entity Name ; Section Id     ;
+-------------------------------------+------------------------------+---------------+-------------+----------------+
; COMPILER_SIGNATURE_ID               ; 186427302722.160450275806940 ; --            ; --          ; --             ;
; EDA_OUTPUT_DATA_FORMAT              ; Vhdl                         ; --            ; --          ; eda_simulation ;
; EDA_SIMULATION_TOOL                 ; ModelSim-Altera (VHDL)       ; <None>        ; --          ; --             ;
; PARTITION_COLOR                     ; 16764057                     ; --            ; cnt4        ; Top            ;
; PARTITION_FITTER_PRESERVATION_LEVEL ; PLACEMENT_AND_ROUTING        ; --            ; cnt4        ; Top            ;
; PARTITION_NETLIST_TYPE              ; SOURCE                       ; --            ; cnt4        ; Top            ;
; PROJECT_OUTPUT_DIRECTORY            ; output_files                 ; --            ; --          ; --             ;
; TOP_LEVEL_ENTITY                    ; cnt4                         ; singlecpu     ; --          ; --             ;
+-------------------------------------+------------------------------+---------------+-------------+----------------+


+-------------------------------------------------------------------------------------------------------------------------------+
; Flow Elapsed Time                                                                                                             ;
+---------------------------+--------------+-------------------------+---------------------+------------------------------------+
; Module Name               ; Elapsed Time ; Average Processors Used ; Peak Virtual Memory ; Total CPU Time (on all processors) ;
+---------------------------+--------------+-------------------------+---------------------+------------------------------------+
; Analysis & Synthesis      ; 00:00:01     ; 1.0                     ; 4466 MB             ; 00:00:01                           ;
; Fitter                    ; 00:00:02     ; 1.0                     ; 4599 MB             ; 00:00:02                           ;
; TimeQuest Timing Analyzer ; 00:00:01     ; 1.0                     ; 4449 MB             ; 00:00:01                           ;
; Assembler                 ; 00:00:00     ; 1.0                     ; 4366 MB             ; 00:00:00                           ;
; EDA Netlist Writer        ; 00:00:00     ; 1.0                     ; 4365 MB             ; 00:00:00                           ;
; Total                     ; 00:00:04     ; --                      ; --                  ; 00:00:04                           ;
+---------------------------+--------------+-------------------------+---------------------+------------------------------------+


+--------------------------------------------------------------------------------------------+
; Flow OS Summary                                                                            ;
+---------------------------+------------------+---------------+------------+----------------+
; Module Name               ; Machine Hostname ; OS Name       ; OS Version ; Processor type ;
+---------------------------+------------------+---------------+------------+----------------+
; Analysis & Synthesis      ; LAPTOP-84LL62MT  ; Windows Vista ; 6.2        ; x86_64         ;
; Fitter                    ; LAPTOP-84LL62MT  ; Windows Vista ; 6.2        ; x86_64         ;
; Assembler                 ; LAPTOP-84LL62MT  ; Windows Vista ; 6.2        ; x86_64         ;
; TimeQuest Timing Analyzer ; LAPTOP-84LL62MT  ; Windows Vista ; 6.2        ; x86_64         ;
; EDA Netlist Writer        ; LAPTOP-84LL62MT  ; Windows Vista ; 6.2        ; x86_64         ;
+---------------------------+------------------+---------------+------------+----------------+


------------
; Flow Log ;
------------
quartus_map --read_settings_files=on --write_settings_files=off singlecpu -c singlecpu
quartus_fit --read_settings_files=off --write_settings_files=off singlecpu -c singlecpu
quartus_asm --read_settings_files=off --write_settings_files=off singlecpu -c singlecpu
quartus_sta singlecpu -c singlecpu
quartus_eda --read_settings_files=off --write_settings_files=off singlecpu -c singlecpu



