TimeQuest Timing Analyzer report for singlecpu
Wed Nov 04 23:12:43 2020
Quartus II 64-Bit Version 9.1 Build 222 10/21/2009 SJ Full Version


---------------------
; Table of Contents ;
---------------------
  1. Legal Notice
  2. TimeQuest Timing Analyzer Summary
  3. Parallel Compilation
  4. Clocks
  5. Slow 1200mV 85C Model Fmax Summary
  6. Slow 1200mV 85C Model Setup Summary
  7. Slow 1200mV 85C Model Hold Summary
  8. Slow 1200mV 85C Model Recovery Summary
  9. Slow 1200mV 85C Model Removal Summary
 10. Slow 1200mV 85C Model Minimum Pulse Width Summary
 11. Slow 1200mV 85C Model Setup: 'CLK'
 12. Slow 1200mV 85C Model Hold: 'CLK'
 13. Slow 1200mV 85C Model Minimum Pulse Width: 'CLK'
 14. Clock to Output Times
 15. Minimum Clock to Output Times
 16. Slow 1200mV 85C Model Metastability Report
 17. Slow 1200mV 0C Model Fmax Summary
 18. Slow 1200mV 0C Model Setup Summary
 19. Slow 1200mV 0C Model Hold Summary
 20. Slow 1200mV 0C Model Recovery Summary
 21. Slow 1200mV 0C Model Removal Summary
 22. Slow 1200mV 0C Model Minimum Pulse Width Summary
 23. Slow 1200mV 0C Model Setup: 'CLK'
 24. Slow 1200mV 0C Model Hold: 'CLK'
 25. Slow 1200mV 0C Model Minimum Pulse Width: 'CLK'
 26. Clock to Output Times
 27. Minimum Clock to Output Times
 28. Slow 1200mV 0C Model Metastability Report
 29. Fast 1200mV 0C Model Setup Summary
 30. Fast 1200mV 0C Model Hold Summary
 31. Fast 1200mV 0C Model Recovery Summary
 32. Fast 1200mV 0C Model Removal Summary
 33. Fast 1200mV 0C Model Minimum Pulse Width Summary
 34. Fast 1200mV 0C Model Setup: 'CLK'
 35. Fast 1200mV 0C Model Hold: 'CLK'
 36. Fast 1200mV 0C Model Minimum Pulse Width: 'CLK'
 37. Clock to Output Times
 38. Minimum Clock to Output Times
 39. Fast 1200mV 0C Model Metastability Report
 40. Multicorner Timing Analysis Summary
 41. Clock to Output Times
 42. Minimum Clock to Output Times
 43. Board Trace Model Assignments
 44. Input Transition Times
 45. Signal Integrity Metrics (Slow 1200mv 85c Model)
 46. Signal Integrity Metrics (Fast 1200mv 0c Model)
 47. Setup Transfers
 48. Hold Transfers
 49. Report TCCS
 50. Report RSKM
 51. Unconstrained Paths
 52. TimeQuest Timing Analyzer Messages



----------------
; Legal Notice ;
----------------
Copyright (C) 1991-2009 Altera Corporation
Your use of Altera Corporation's design tools, logic functions 
and other software and tools, and its AMPP partner logic 
functions, and any output files from any of the foregoing 
(including device programming or simulation files), and any 
associated documentation or information are expressly subject 
to the terms and conditions of the Altera Program License 
Subscription Agreement, Altera MegaCore Function License 
Agreement, or other applicable license agreement, including, 
without limitation, that your use is for the sole purpose of 
programming logic devices manufactured by Altera and sold by 
Altera or its authorized distributors.  Please refer to the 
applicable agreement for further details.



+-----------------------------------------------------------------------+
; TimeQuest Timing Analyzer Summary                                     ;
+--------------------+--------------------------------------------------+
; Quartus II Version ; Version 9.1 Build 222 10/21/2009 SJ Full Version ;
; Revision Name      ; singlecpu                                        ;
; Device Family      ; Cyclone IV GX                                    ;
; Device Name        ; EP4CGX15BF14C6                                   ;
; Timing Models      ; Preliminary                                      ;
; Delay Model        ; Combined                                         ;
; Rise/Fall Delays   ; Enabled                                          ;
+--------------------+--------------------------------------------------+


+------------------------------------------+
; Parallel Compilation                     ;
+----------------------------+-------------+
; Processors                 ; Number      ;
+----------------------------+-------------+
; Number detected on machine ; 6           ;
; Maximum allowed            ; 6           ;
;                            ;             ;
; Average used               ; 1.00        ;
; Maximum used               ; 6           ;
;                            ;             ;
; Usage by Processor         ; % Time Used ;
;     1 processor            ; 100.0%      ;
;     2-6 processors         ; < 0.1%      ;
+----------------------------+-------------+


+---------------------------------------------------------------------------------------------------------------------------------------------------------------------------------+
; Clocks                                                                                                                                                                          ;
+------------+------+--------+------------+-------+-------+------------+-----------+-------------+-------+--------+-----------+------------+----------+--------+--------+---------+
; Clock Name ; Type ; Period ; Frequency  ; Rise  ; Fall  ; Duty Cycle ; Divide by ; Multiply by ; Phase ; Offset ; Edge List ; Edge Shift ; Inverted ; Master ; Source ; Targets ;
+------------+------+--------+------------+-------+-------+------------+-----------+-------------+-------+--------+-----------+------------+----------+--------+--------+---------+
; CLK        ; Base ; 1.000  ; 1000.0 MHz ; 0.000 ; 0.500 ;            ;           ;             ;       ;        ;           ;            ;          ;        ;        ; { CLK } ;
+------------+------+--------+------------+-------+-------+------------+-----------+-------------+-------+--------+-----------+------------+----------+--------+--------+---------+


+-----------------------------------------------------------------------------------------------------------+
; Slow 1200mV 85C Model Fmax Summary                                                                        ;
+------------+-----------------+------------+---------------------------------------------------------------+
; Fmax       ; Restricted Fmax ; Clock Name ; Note                                                          ;
+------------+-----------------+------------+---------------------------------------------------------------+
; 870.32 MHz ; 250.0 MHz       ; CLK        ; limit due to minimum period restriction (max I/O toggle rate) ;
+------------+-----------------+------------+---------------------------------------------------------------+
This panel reports FMAX for every clock in the design, regardless of the user-specified clock periods.  FMAX is only computed for paths where the source and destination registers or ports are driven by the same clock.  Paths of different clocks, including generated clocks, are ignored.  For paths between a clock and its inversion, FMAX is computed as if the rising and falling edges are scaled along with FMAX, such that the duty cycle (in terms of a percentage) is maintained. Altera recommends that you always use clock constraints and other slack reports for sign-off analysis.


+-------------------------------------+
; Slow 1200mV 85C Model Setup Summary ;
+-------+--------+--------------------+
; Clock ; Slack  ; End Point TNS      ;
+-------+--------+--------------------+
; CLK   ; -0.149 ; -0.180             ;
+-------+--------+--------------------+


+------------------------------------+
; Slow 1200mV 85C Model Hold Summary ;
+-------+-------+--------------------+
; Clock ; Slack ; End Point TNS      ;
+-------+-------+--------------------+
; CLK   ; 0.336 ; 0.000              ;
+-------+-------+--------------------+


------------------------------------------
; Slow 1200mV 85C Model Recovery Summary ;
------------------------------------------
No paths to report.


-----------------------------------------
; Slow 1200mV 85C Model Removal Summary ;
-----------------------------------------
No paths to report.


+---------------------------------------------------+
; Slow 1200mV 85C Model Minimum Pulse Width Summary ;
+-------+--------+----------------------------------+
; Clock ; Slack  ; End Point TNS                    ;
+-------+--------+----------------------------------+
; CLK   ; -3.000 ; -7.000                           ;
+-------+--------+----------------------------------+


+----------------------------------------------------------------------------------------------------+
; Slow 1200mV 85C Model Setup: 'CLK'                                                                 ;
+--------+-----------+---------+--------------+-------------+--------------+------------+------------+
; Slack  ; From Node ; To Node ; Launch Clock ; Latch Clock ; Relationship ; Clock Skew ; Data Delay ;
+--------+-----------+---------+--------------+-------------+--------------+------------+------------+
; -0.149 ; CQI[0]    ; CQI[3]  ; CLK          ; CLK         ; 1.000        ; -0.064     ; 1.080      ;
; -0.031 ; CQI[1]    ; CQI[2]  ; CLK          ; CLK         ; 1.000        ; -0.064     ; 0.962      ;
; -0.022 ; CQI[2]    ; CQI[3]  ; CLK          ; CLK         ; 1.000        ; -0.064     ; 0.953      ;
; 0.211  ; CQI[1]    ; CQI[3]  ; CLK          ; CLK         ; 1.000        ; -0.064     ; 0.720      ;
; 0.213  ; CQI[0]    ; CQI[1]  ; CLK          ; CLK         ; 1.000        ; -0.064     ; 0.718      ;
; 0.213  ; CQI[0]    ; CQI[2]  ; CLK          ; CLK         ; 1.000        ; -0.064     ; 0.718      ;
; 0.272  ; CQI[0]    ; CQI[0]  ; CLK          ; CLK         ; 1.000        ; -0.064     ; 0.659      ;
; 0.272  ; CQI[3]    ; CQI[3]  ; CLK          ; CLK         ; 1.000        ; -0.064     ; 0.659      ;
; 0.272  ; CQI[2]    ; CQI[2]  ; CLK          ; CLK         ; 1.000        ; -0.064     ; 0.659      ;
; 0.272  ; CQI[1]    ; CQI[1]  ; CLK          ; CLK         ; 1.000        ; -0.064     ; 0.659      ;
+--------+-----------+---------+--------------+-------------+--------------+------------+------------+


+---------------------------------------------------------------------------------------------------+
; Slow 1200mV 85C Model Hold: 'CLK'                                                                 ;
+-------+-----------+---------+--------------+-------------+--------------+------------+------------+
; Slack ; From Node ; To Node ; Launch Clock ; Latch Clock ; Relationship ; Clock Skew ; Data Delay ;
+-------+-----------+---------+--------------+-------------+--------------+------------+------------+
; 0.336 ; CQI[1]    ; CQI[1]  ; CLK          ; CLK         ; 0.000        ; 0.064      ; 0.577      ;
; 0.336 ; CQI[2]    ; CQI[2]  ; CLK          ; CLK         ; 0.000        ; 0.064      ; 0.577      ;
; 0.336 ; CQI[3]    ; CQI[3]  ; CLK          ; CLK         ; 0.000        ; 0.064      ; 0.577      ;
; 0.339 ; CQI[0]    ; CQI[0]  ; CLK          ; CLK         ; 0.000        ; 0.064      ; 0.580      ;
; 0.375 ; CQI[0]    ; CQI[2]  ; CLK          ; CLK         ; 0.000        ; 0.064      ; 0.616      ;
; 0.376 ; CQI[0]    ; CQI[1]  ; CLK          ; CLK         ; 0.000        ; 0.064      ; 0.617      ;
; 0.377 ; CQI[1]    ; CQI[3]  ; CLK          ; CLK         ; 0.000        ; 0.064      ; 0.618      ;
; 0.558 ; CQI[2]    ; CQI[3]  ; CLK          ; CLK         ; 0.000        ; 0.064      ; 0.799      ;
; 0.564 ; CQI[1]    ; CQI[2]  ; CLK          ; CLK         ; 0.000        ; 0.064      ; 0.805      ;
; 0.701 ; CQI[0]    ; CQI[3]  ; CLK          ; CLK         ; 0.000        ; 0.064      ; 0.942      ;
+-------+-----------+---------+--------------+-------------+--------------+------------+------------+


+------------------------------------------------------------------------------------------------------------+
; Slow 1200mV 85C Model Minimum Pulse Width: 'CLK'                                                           ;
+--------+--------------+----------------+------------------+-------+------------+---------------------------+
; Slack  ; Actual Width ; Required Width ; Type             ; Clock ; Clock Edge ; Target                    ;
+--------+--------------+----------------+------------------+-------+------------+---------------------------+
; -3.000 ; 1.000        ; 4.000          ; Port Rate        ; CLK   ; Rise       ; CLK                       ;
; -1.000 ; 1.000        ; 2.000          ; Min Period       ; CLK   ; Rise       ; CQI[0]                    ;
; -1.000 ; 1.000        ; 2.000          ; Min Period       ; CLK   ; Rise       ; CQI[1]                    ;
; -1.000 ; 1.000        ; 2.000          ; Min Period       ; CLK   ; Rise       ; CQI[2]                    ;
; -1.000 ; 1.000        ; 2.000          ; Min Period       ; CLK   ; Rise       ; CQI[3]                    ;
; 0.193  ; 0.377        ; 0.184          ; Low Pulse Width  ; CLK   ; Rise       ; CQI[0]                    ;
; 0.193  ; 0.377        ; 0.184          ; Low Pulse Width  ; CLK   ; Rise       ; CQI[1]                    ;
; 0.193  ; 0.377        ; 0.184          ; Low Pulse Width  ; CLK   ; Rise       ; CQI[2]                    ;
; 0.193  ; 0.377        ; 0.184          ; Low Pulse Width  ; CLK   ; Rise       ; CQI[3]                    ;
; 0.336  ; 0.336        ; 0.000          ; Low Pulse Width  ; CLK   ; Rise       ; CLK~inputclkctrl|inclk[0] ;
; 0.336  ; 0.336        ; 0.000          ; Low Pulse Width  ; CLK   ; Rise       ; CLK~inputclkctrl|outclk   ;
; 0.336  ; 0.336        ; 0.000          ; Low Pulse Width  ; CLK   ; Rise       ; CLK~input|o               ;
; 0.354  ; 0.354        ; 0.000          ; Low Pulse Width  ; CLK   ; Rise       ; CQI[0]|clk                ;
; 0.354  ; 0.354        ; 0.000          ; Low Pulse Width  ; CLK   ; Rise       ; CQI[1]|clk                ;
; 0.354  ; 0.354        ; 0.000          ; Low Pulse Width  ; CLK   ; Rise       ; CQI[2]|clk                ;
; 0.354  ; 0.354        ; 0.000          ; Low Pulse Width  ; CLK   ; Rise       ; CQI[3]|clk                ;
; 0.406  ; 0.622        ; 0.216          ; High Pulse Width ; CLK   ; Rise       ; CQI[0]                    ;
; 0.406  ; 0.622        ; 0.216          ; High Pulse Width ; CLK   ; Rise       ; CQI[1]                    ;
; 0.406  ; 0.622        ; 0.216          ; High Pulse Width ; CLK   ; Rise       ; CQI[2]                    ;
; 0.406  ; 0.622        ; 0.216          ; High Pulse Width ; CLK   ; Rise       ; CQI[3]                    ;
; 0.500  ; 0.500        ; 0.000          ; High Pulse Width ; CLK   ; Rise       ; CLK~input|i               ;
; 0.500  ; 0.500        ; 0.000          ; Low Pulse Width  ; CLK   ; Rise       ; CLK~input|i               ;
; 0.645  ; 0.645        ; 0.000          ; High Pulse Width ; CLK   ; Rise       ; CQI[0]|clk                ;
; 0.645  ; 0.645        ; 0.000          ; High Pulse Width ; CLK   ; Rise       ; CQI[1]|clk                ;
; 0.645  ; 0.645        ; 0.000          ; High Pulse Width ; CLK   ; Rise       ; CQI[2]|clk                ;
; 0.645  ; 0.645        ; 0.000          ; High Pulse Width ; CLK   ; Rise       ; CQI[3]|clk                ;
; 0.664  ; 0.664        ; 0.000          ; High Pulse Width ; CLK   ; Rise       ; CLK~inputclkctrl|inclk[0] ;
; 0.664  ; 0.664        ; 0.000          ; High Pulse Width ; CLK   ; Rise       ; CLK~inputclkctrl|outclk   ;
; 0.664  ; 0.664        ; 0.000          ; High Pulse Width ; CLK   ; Rise       ; CLK~input|o               ;
+--------+--------------+----------------+------------------+-------+------------+---------------------------+


+-----------------------------------------------------------------------+
; Clock to Output Times                                                 ;
+-----------+------------+-------+-------+------------+-----------------+
; Data Port ; Clock Port ; Rise  ; Fall  ; Clock Edge ; Clock Reference ;
+-----------+------------+-------+-------+------------+-----------------+
; CQ[*]     ; CLK        ; 6.197 ; 6.281 ; Rise       ; CLK             ;
;  CQ[0]    ; CLK        ; 4.927 ; 4.938 ; Rise       ; CLK             ;
;  CQ[1]    ; CLK        ; 4.934 ; 4.934 ; Rise       ; CLK             ;
;  CQ[2]    ; CLK        ; 6.197 ; 6.281 ; Rise       ; CLK             ;
;  CQ[3]    ; CLK        ; 4.922 ; 4.929 ; Rise       ; CLK             ;
+-----------+------------+-------+-------+------------+-----------------+


+-----------------------------------------------------------------------+
; Minimum Clock to Output Times                                         ;
+-----------+------------+-------+-------+------------+-----------------+
; Data Port ; Clock Port ; Rise  ; Fall  ; Clock Edge ; Clock Reference ;
+-----------+------------+-------+-------+------------+-----------------+
; CQ[*]     ; CLK        ; 4.824 ; 4.830 ; Rise       ; CLK             ;
;  CQ[0]    ; CLK        ; 4.828 ; 4.838 ; Rise       ; CLK             ;
;  CQ[1]    ; CLK        ; 4.835 ; 4.835 ; Rise       ; CLK             ;
;  CQ[2]    ; CLK        ; 6.099 ; 6.183 ; Rise       ; CLK             ;
;  CQ[3]    ; CLK        ; 4.824 ; 4.830 ; Rise       ; CLK             ;
+-----------+------------+-------+-------+------------+-----------------+


----------------------------------------------
; Slow 1200mV 85C Model Metastability Report ;
----------------------------------------------
No synchronizer chains to report.


+-----------------------------------------------------------------------------------------------------------+
; Slow 1200mV 0C Model Fmax Summary                                                                         ;
+------------+-----------------+------------+---------------------------------------------------------------+
; Fmax       ; Restricted Fmax ; Clock Name ; Note                                                          ;
+------------+-----------------+------------+---------------------------------------------------------------+
; 972.76 MHz ; 250.0 MHz       ; CLK        ; limit due to minimum period restriction (max I/O toggle rate) ;
+------------+-----------------+------------+---------------------------------------------------------------+
This panel reports FMAX for every clock in the design, regardless of the user-specified clock periods.  FMAX is only computed for paths where the source and destination registers or ports are driven by the same clock.  Paths of different clocks, including generated clocks, are ignored.  For paths between a clock and its inversion, FMAX is computed as if the rising and falling edges are scaled along with FMAX, such that the duty cycle (in terms of a percentage) is maintained. Altera recommends that you always use clock constraints and other slack reports for sign-off analysis.


+------------------------------------+
; Slow 1200mV 0C Model Setup Summary ;
+-------+--------+-------------------+
; Clock ; Slack  ; End Point TNS     ;
+-------+--------+-------------------+
; CLK   ; -0.028 ; -0.028            ;
+-------+--------+-------------------+


+-----------------------------------+
; Slow 1200mV 0C Model Hold Summary ;
+-------+-------+-------------------+
; Clock ; Slack ; End Point TNS     ;
+-------+-------+-------------------+
; CLK   ; 0.290 ; 0.000             ;
+-------+-------+-------------------+


-----------------------------------------
; Slow 1200mV 0C Model Recovery Summary ;
-----------------------------------------
No paths to report.


----------------------------------------
; Slow 1200mV 0C Model Removal Summary ;
----------------------------------------
No paths to report.


+--------------------------------------------------+
; Slow 1200mV 0C Model Minimum Pulse Width Summary ;
+-------+--------+---------------------------------+
; Clock ; Slack  ; End Point TNS                   ;
+-------+--------+---------------------------------+
; CLK   ; -3.000 ; -7.000                          ;
+-------+--------+---------------------------------+


+----------------------------------------------------------------------------------------------------+
; Slow 1200mV 0C Model Setup: 'CLK'                                                                  ;
+--------+-----------+---------+--------------+-------------+--------------+------------+------------+
; Slack  ; From Node ; To Node ; Launch Clock ; Latch Clock ; Relationship ; Clock Skew ; Data Delay ;
+--------+-----------+---------+--------------+-------------+--------------+------------+------------+
; -0.028 ; CQI[0]    ; CQI[3]  ; CLK          ; CLK         ; 1.000        ; -0.057     ; 0.966      ;
; 0.082  ; CQI[1]    ; CQI[2]  ; CLK          ; CLK         ; 1.000        ; -0.057     ; 0.856      ;
; 0.090  ; CQI[2]    ; CQI[3]  ; CLK          ; CLK         ; 1.000        ; -0.057     ; 0.848      ;
; 0.295  ; CQI[1]    ; CQI[3]  ; CLK          ; CLK         ; 1.000        ; -0.057     ; 0.643      ;
; 0.297  ; CQI[0]    ; CQI[1]  ; CLK          ; CLK         ; 1.000        ; -0.057     ; 0.641      ;
; 0.297  ; CQI[0]    ; CQI[2]  ; CLK          ; CLK         ; 1.000        ; -0.057     ; 0.641      ;
; 0.355  ; CQI[0]    ; CQI[0]  ; CLK          ; CLK         ; 1.000        ; -0.057     ; 0.583      ;
; 0.355  ; CQI[3]    ; CQI[3]  ; CLK          ; CLK         ; 1.000        ; -0.057     ; 0.583      ;
; 0.355  ; CQI[2]    ; CQI[2]  ; CLK          ; CLK         ; 1.000        ; -0.057     ; 0.583      ;
; 0.355  ; CQI[1]    ; CQI[1]  ; CLK          ; CLK         ; 1.000        ; -0.057     ; 0.583      ;
+--------+-----------+---------+--------------+-------------+--------------+------------+------------+


+---------------------------------------------------------------------------------------------------+
; Slow 1200mV 0C Model Hold: 'CLK'                                                                  ;
+-------+-----------+---------+--------------+-------------+--------------+------------+------------+
; Slack ; From Node ; To Node ; Launch Clock ; Latch Clock ; Relationship ; Clock Skew ; Data Delay ;
+-------+-----------+---------+--------------+-------------+--------------+------------+------------+
; 0.290 ; CQI[1]    ; CQI[1]  ; CLK          ; CLK         ; 0.000        ; 0.057      ; 0.511      ;
; 0.290 ; CQI[2]    ; CQI[2]  ; CLK          ; CLK         ; 0.000        ; 0.057      ; 0.511      ;
; 0.290 ; CQI[3]    ; CQI[3]  ; CLK          ; CLK         ; 0.000        ; 0.057      ; 0.511      ;
; 0.298 ; CQI[0]    ; CQI[0]  ; CLK          ; CLK         ; 0.000        ; 0.057      ; 0.519      ;
; 0.332 ; CQI[0]    ; CQI[1]  ; CLK          ; CLK         ; 0.000        ; 0.057      ; 0.553      ;
; 0.332 ; CQI[0]    ; CQI[2]  ; CLK          ; CLK         ; 0.000        ; 0.057      ; 0.553      ;
; 0.333 ; CQI[1]    ; CQI[3]  ; CLK          ; CLK         ; 0.000        ; 0.057      ; 0.554      ;
; 0.502 ; CQI[2]    ; CQI[3]  ; CLK          ; CLK         ; 0.000        ; 0.057      ; 0.723      ;
; 0.507 ; CQI[1]    ; CQI[2]  ; CLK          ; CLK         ; 0.000        ; 0.057      ; 0.728      ;
; 0.635 ; CQI[0]    ; CQI[3]  ; CLK          ; CLK         ; 0.000        ; 0.057      ; 0.856      ;
+-------+-----------+---------+--------------+-------------+--------------+------------+------------+


+------------------------------------------------------------------------------------------------------------+
; Slow 1200mV 0C Model Minimum Pulse Width: 'CLK'                                                            ;
+--------+--------------+----------------+------------------+-------+------------+---------------------------+
; Slack  ; Actual Width ; Required Width ; Type             ; Clock ; Clock Edge ; Target                    ;
+--------+--------------+----------------+------------------+-------+------------+---------------------------+
; -3.000 ; 1.000        ; 4.000          ; Port Rate        ; CLK   ; Rise       ; CLK                       ;
; -1.000 ; 1.000        ; 2.000          ; Min Period       ; CLK   ; Rise       ; CQI[0]                    ;
; -1.000 ; 1.000        ; 2.000          ; Min Period       ; CLK   ; Rise       ; CQI[1]                    ;
; -1.000 ; 1.000        ; 2.000          ; Min Period       ; CLK   ; Rise       ; CQI[2]                    ;
; -1.000 ; 1.000        ; 2.000          ; Min Period       ; CLK   ; Rise       ; CQI[3]                    ;
; 0.191  ; 0.375        ; 0.184          ; Low Pulse Width  ; CLK   ; Rise       ; CQI[0]                    ;
; 0.191  ; 0.375        ; 0.184          ; Low Pulse Width  ; CLK   ; Rise       ; CQI[1]                    ;
; 0.191  ; 0.375        ; 0.184          ; Low Pulse Width  ; CLK   ; Rise       ; CQI[2]                    ;
; 0.191  ; 0.375        ; 0.184          ; Low Pulse Width  ; CLK   ; Rise       ; CQI[3]                    ;
; 0.336  ; 0.336        ; 0.000          ; Low Pulse Width  ; CLK   ; Rise       ; CLK~inputclkctrl|inclk[0] ;
; 0.336  ; 0.336        ; 0.000          ; Low Pulse Width  ; CLK   ; Rise       ; CLK~inputclkctrl|outclk   ;
; 0.336  ; 0.336        ; 0.000          ; Low Pulse Width  ; CLK   ; Rise       ; CLK~input|o               ;
; 0.351  ; 0.351        ; 0.000          ; Low Pulse Width  ; CLK   ; Rise       ; CQI[0]|clk                ;
; 0.351  ; 0.351        ; 0.000          ; Low Pulse Width  ; CLK   ; Rise       ; CQI[1]|clk                ;
; 0.351  ; 0.351        ; 0.000          ; Low Pulse Width  ; CLK   ; Rise       ; CQI[2]|clk                ;
; 0.351  ; 0.351        ; 0.000          ; Low Pulse Width  ; CLK   ; Rise       ; CQI[3]|clk                ;
; 0.409  ; 0.625        ; 0.216          ; High Pulse Width ; CLK   ; Rise       ; CQI[0]                    ;
; 0.409  ; 0.625        ; 0.216          ; High Pulse Width ; CLK   ; Rise       ; CQI[1]                    ;
; 0.409  ; 0.625        ; 0.216          ; High Pulse Width ; CLK   ; Rise       ; CQI[2]                    ;
; 0.409  ; 0.625        ; 0.216          ; High Pulse Width ; CLK   ; Rise       ; CQI[3]                    ;
; 0.500  ; 0.500        ; 0.000          ; High Pulse Width ; CLK   ; Rise       ; CLK~input|i               ;
; 0.500  ; 0.500        ; 0.000          ; Low Pulse Width  ; CLK   ; Rise       ; CLK~input|i               ;
; 0.649  ; 0.649        ; 0.000          ; High Pulse Width ; CLK   ; Rise       ; CQI[0]|clk                ;
; 0.649  ; 0.649        ; 0.000          ; High Pulse Width ; CLK   ; Rise       ; CQI[1]|clk                ;
; 0.649  ; 0.649        ; 0.000          ; High Pulse Width ; CLK   ; Rise       ; CQI[2]|clk                ;
; 0.649  ; 0.649        ; 0.000          ; High Pulse Width ; CLK   ; Rise       ; CQI[3]|clk                ;
; 0.664  ; 0.664        ; 0.000          ; High Pulse Width ; CLK   ; Rise       ; CLK~inputclkctrl|inclk[0] ;
; 0.664  ; 0.664        ; 0.000          ; High Pulse Width ; CLK   ; Rise       ; CLK~inputclkctrl|outclk   ;
; 0.664  ; 0.664        ; 0.000          ; High Pulse Width ; CLK   ; Rise       ; CLK~input|o               ;
+--------+--------------+----------------+------------------+-------+------------+---------------------------+


+-----------------------------------------------------------------------+
; Clock to Output Times                                                 ;
+-----------+------------+-------+-------+------------+-----------------+
; Data Port ; Clock Port ; Rise  ; Fall  ; Clock Edge ; Clock Reference ;
+-----------+------------+-------+-------+------------+-----------------+
; CQ[*]     ; CLK        ; 5.976 ; 6.041 ; Rise       ; CLK             ;
;  CQ[0]    ; CLK        ; 4.702 ; 4.693 ; Rise       ; CLK             ;
;  CQ[1]    ; CLK        ; 4.712 ; 4.692 ; Rise       ; CLK             ;
;  CQ[2]    ; CLK        ; 5.976 ; 6.041 ; Rise       ; CLK             ;
;  CQ[3]    ; CLK        ; 4.700 ; 4.684 ; Rise       ; CLK             ;
+-----------+------------+-------+-------+------------+-----------------+


+-----------------------------------------------------------------------+
; Minimum Clock to Output Times                                         ;
+-----------+------------+-------+-------+------------+-----------------+
; Data Port ; Clock Port ; Rise  ; Fall  ; Clock Edge ; Clock Reference ;
+-----------+------------+-------+-------+------------+-----------------+
; CQ[*]     ; CLK        ; 4.613 ; 4.597 ; Rise       ; CLK             ;
;  CQ[0]    ; CLK        ; 4.615 ; 4.605 ; Rise       ; CLK             ;
;  CQ[1]    ; CLK        ; 4.624 ; 4.604 ; Rise       ; CLK             ;
;  CQ[2]    ; CLK        ; 5.889 ; 5.954 ; Rise       ; CLK             ;
;  CQ[3]    ; CLK        ; 4.613 ; 4.597 ; Rise       ; CLK             ;
+-----------+------------+-------+-------+------------+-----------------+


---------------------------------------------
; Slow 1200mV 0C Model Metastability Report ;
---------------------------------------------
No synchronizer chains to report.


+------------------------------------+
; Fast 1200mV 0C Model Setup Summary ;
+-------+-------+--------------------+
; Clock ; Slack ; End Point TNS      ;
+-------+-------+--------------------+
; CLK   ; 0.350 ; 0.000              ;
+-------+-------+--------------------+


+-----------------------------------+
; Fast 1200mV 0C Model Hold Summary ;
+-------+-------+-------------------+
; Clock ; Slack ; End Point TNS     ;
+-------+-------+-------------------+
; CLK   ; 0.166 ; 0.000             ;
+-------+-------+-------------------+


-----------------------------------------
; Fast 1200mV 0C Model Recovery Summary ;
-----------------------------------------
No paths to report.


----------------------------------------
; Fast 1200mV 0C Model Removal Summary ;
----------------------------------------
No paths to report.


+--------------------------------------------------+
; Fast 1200mV 0C Model Minimum Pulse Width Summary ;
+-------+--------+---------------------------------+
; Clock ; Slack  ; End Point TNS                   ;
+-------+--------+---------------------------------+
; CLK   ; -3.000 ; -7.252                          ;
+-------+--------+---------------------------------+


+---------------------------------------------------------------------------------------------------+
; Fast 1200mV 0C Model Setup: 'CLK'                                                                 ;
+-------+-----------+---------+--------------+-------------+--------------+------------+------------+
; Slack ; From Node ; To Node ; Launch Clock ; Latch Clock ; Relationship ; Clock Skew ; Data Delay ;
+-------+-----------+---------+--------------+-------------+--------------+------------+------------+
; 0.350 ; CQI[0]    ; CQI[3]  ; CLK          ; CLK         ; 1.000        ; -0.037     ; 0.600      ;
; 0.423 ; CQI[1]    ; CQI[2]  ; CLK          ; CLK         ; 1.000        ; -0.037     ; 0.527      ;
; 0.428 ; CQI[2]    ; CQI[3]  ; CLK          ; CLK         ; 1.000        ; -0.037     ; 0.522      ;
; 0.559 ; CQI[1]    ; CQI[3]  ; CLK          ; CLK         ; 1.000        ; -0.037     ; 0.391      ;
; 0.561 ; CQI[0]    ; CQI[1]  ; CLK          ; CLK         ; 1.000        ; -0.037     ; 0.389      ;
; 0.561 ; CQI[0]    ; CQI[2]  ; CLK          ; CLK         ; 1.000        ; -0.037     ; 0.389      ;
; 0.591 ; CQI[0]    ; CQI[0]  ; CLK          ; CLK         ; 1.000        ; -0.037     ; 0.359      ;
; 0.591 ; CQI[3]    ; CQI[3]  ; CLK          ; CLK         ; 1.000        ; -0.037     ; 0.359      ;
; 0.591 ; CQI[2]    ; CQI[2]  ; CLK          ; CLK         ; 1.000        ; -0.037     ; 0.359      ;
; 0.591 ; CQI[1]    ; CQI[1]  ; CLK          ; CLK         ; 1.000        ; -0.037     ; 0.359      ;
+-------+-----------+---------+--------------+-------------+--------------+------------+------------+


+---------------------------------------------------------------------------------------------------+
; Fast 1200mV 0C Model Hold: 'CLK'                                                                  ;
+-------+-----------+---------+--------------+-------------+--------------+------------+------------+
; Slack ; From Node ; To Node ; Launch Clock ; Latch Clock ; Relationship ; Clock Skew ; Data Delay ;
+-------+-----------+---------+--------------+-------------+--------------+------------+------------+
; 0.166 ; CQI[1]    ; CQI[1]  ; CLK          ; CLK         ; 0.000        ; 0.037      ; 0.307      ;
; 0.166 ; CQI[2]    ; CQI[2]  ; CLK          ; CLK         ; 0.000        ; 0.037      ; 0.307      ;
; 0.166 ; CQI[3]    ; CQI[3]  ; CLK          ; CLK         ; 0.000        ; 0.037      ; 0.307      ;
; 0.173 ; CQI[0]    ; CQI[0]  ; CLK          ; CLK         ; 0.000        ; 0.037      ; 0.314      ;
; 0.188 ; CQI[0]    ; CQI[1]  ; CLK          ; CLK         ; 0.000        ; 0.037      ; 0.329      ;
; 0.188 ; CQI[0]    ; CQI[2]  ; CLK          ; CLK         ; 0.000        ; 0.037      ; 0.329      ;
; 0.188 ; CQI[1]    ; CQI[3]  ; CLK          ; CLK         ; 0.000        ; 0.037      ; 0.329      ;
; 0.289 ; CQI[2]    ; CQI[3]  ; CLK          ; CLK         ; 0.000        ; 0.037      ; 0.430      ;
; 0.293 ; CQI[1]    ; CQI[2]  ; CLK          ; CLK         ; 0.000        ; 0.037      ; 0.434      ;
; 0.360 ; CQI[0]    ; CQI[3]  ; CLK          ; CLK         ; 0.000        ; 0.037      ; 0.501      ;
+-------+-----------+---------+--------------+-------------+--------------+------------+------------+


+------------------------------------------------------------------------------------------------------------+
; Fast 1200mV 0C Model Minimum Pulse Width: 'CLK'                                                            ;
+--------+--------------+----------------+------------------+-------+------------+---------------------------+
; Slack  ; Actual Width ; Required Width ; Type             ; Clock ; Clock Edge ; Target                    ;
+--------+--------------+----------------+------------------+-------+------------+---------------------------+
; -3.000 ; 1.000        ; 4.000          ; Port Rate        ; CLK   ; Rise       ; CLK                       ;
; -1.000 ; 1.000        ; 2.000          ; Min Period       ; CLK   ; Rise       ; CQI[0]                    ;
; -1.000 ; 1.000        ; 2.000          ; Min Period       ; CLK   ; Rise       ; CQI[1]                    ;
; -1.000 ; 1.000        ; 2.000          ; Min Period       ; CLK   ; Rise       ; CQI[2]                    ;
; -1.000 ; 1.000        ; 2.000          ; Min Period       ; CLK   ; Rise       ; CQI[3]                    ;
; -0.063 ; 0.121        ; 0.184          ; Low Pulse Width  ; CLK   ; Rise       ; CQI[0]                    ;
; -0.063 ; 0.121        ; 0.184          ; Low Pulse Width  ; CLK   ; Rise       ; CQI[1]                    ;
; -0.063 ; 0.121        ; 0.184          ; Low Pulse Width  ; CLK   ; Rise       ; CQI[2]                    ;
; -0.063 ; 0.121        ; 0.184          ; Low Pulse Width  ; CLK   ; Rise       ; CQI[3]                    ;
; 0.117  ; 0.117        ; 0.000          ; Low Pulse Width  ; CLK   ; Rise       ; CLK~inputclkctrl|inclk[0] ;
; 0.117  ; 0.117        ; 0.000          ; Low Pulse Width  ; CLK   ; Rise       ; CLK~inputclkctrl|outclk   ;
; 0.117  ; 0.117        ; 0.000          ; Low Pulse Width  ; CLK   ; Rise       ; CLK~input|o               ;
; 0.117  ; 0.117        ; 0.000          ; Low Pulse Width  ; CLK   ; Rise       ; CQI[0]|clk                ;
; 0.117  ; 0.117        ; 0.000          ; Low Pulse Width  ; CLK   ; Rise       ; CQI[1]|clk                ;
; 0.117  ; 0.117        ; 0.000          ; Low Pulse Width  ; CLK   ; Rise       ; CQI[2]|clk                ;
; 0.117  ; 0.117        ; 0.000          ; Low Pulse Width  ; CLK   ; Rise       ; CQI[3]|clk                ;
; 0.500  ; 0.500        ; 0.000          ; High Pulse Width ; CLK   ; Rise       ; CLK~input|i               ;
; 0.500  ; 0.500        ; 0.000          ; Low Pulse Width  ; CLK   ; Rise       ; CLK~input|i               ;
; 0.660  ; 0.876        ; 0.216          ; High Pulse Width ; CLK   ; Rise       ; CQI[0]                    ;
; 0.660  ; 0.876        ; 0.216          ; High Pulse Width ; CLK   ; Rise       ; CQI[1]                    ;
; 0.660  ; 0.876        ; 0.216          ; High Pulse Width ; CLK   ; Rise       ; CQI[2]                    ;
; 0.660  ; 0.876        ; 0.216          ; High Pulse Width ; CLK   ; Rise       ; CQI[3]                    ;
; 0.882  ; 0.882        ; 0.000          ; High Pulse Width ; CLK   ; Rise       ; CQI[0]|clk                ;
; 0.882  ; 0.882        ; 0.000          ; High Pulse Width ; CLK   ; Rise       ; CQI[1]|clk                ;
; 0.882  ; 0.882        ; 0.000          ; High Pulse Width ; CLK   ; Rise       ; CQI[2]|clk                ;
; 0.882  ; 0.882        ; 0.000          ; High Pulse Width ; CLK   ; Rise       ; CQI[3]|clk                ;
; 0.883  ; 0.883        ; 0.000          ; High Pulse Width ; CLK   ; Rise       ; CLK~inputclkctrl|inclk[0] ;
; 0.883  ; 0.883        ; 0.000          ; High Pulse Width ; CLK   ; Rise       ; CLK~inputclkctrl|outclk   ;
; 0.883  ; 0.883        ; 0.000          ; High Pulse Width ; CLK   ; Rise       ; CLK~input|o               ;
+--------+--------------+----------------+------------------+-------+------------+---------------------------+


+-----------------------------------------------------------------------+
; Clock to Output Times                                                 ;
+-----------+------------+-------+-------+------------+-----------------+
; Data Port ; Clock Port ; Rise  ; Fall  ; Clock Edge ; Clock Reference ;
+-----------+------------+-------+-------+------------+-----------------+
; CQ[*]     ; CLK        ; 3.843 ; 3.947 ; Rise       ; CLK             ;
;  CQ[0]    ; CLK        ; 2.923 ; 2.973 ; Rise       ; CLK             ;
;  CQ[1]    ; CLK        ; 2.923 ; 2.972 ; Rise       ; CLK             ;
;  CQ[2]    ; CLK        ; 3.843 ; 3.947 ; Rise       ; CLK             ;
;  CQ[3]    ; CLK        ; 2.917 ; 2.968 ; Rise       ; CLK             ;
+-----------+------------+-------+-------+------------+-----------------+


+-----------------------------------------------------------------------+
; Minimum Clock to Output Times                                         ;
+-----------+------------+-------+-------+------------+-----------------+
; Data Port ; Clock Port ; Rise  ; Fall  ; Clock Edge ; Clock Reference ;
+-----------+------------+-------+-------+------------+-----------------+
; CQ[*]     ; CLK        ; 2.861 ; 2.911 ; Rise       ; CLK             ;
;  CQ[0]    ; CLK        ; 2.867 ; 2.916 ; Rise       ; CLK             ;
;  CQ[1]    ; CLK        ; 2.867 ; 2.914 ; Rise       ; CLK             ;
;  CQ[2]    ; CLK        ; 3.787 ; 3.890 ; Rise       ; CLK             ;
;  CQ[3]    ; CLK        ; 2.861 ; 2.911 ; Rise       ; CLK             ;
+-----------+------------+-------+-------+------------+-----------------+


---------------------------------------------
; Fast 1200mV 0C Model Metastability Report ;
---------------------------------------------
No synchronizer chains to report.


+------------------------------------------------------------------------------+
; Multicorner Timing Analysis Summary                                          ;
+------------------+--------+-------+----------+---------+---------------------+
; Clock            ; Setup  ; Hold  ; Recovery ; Removal ; Minimum Pulse Width ;
+------------------+--------+-------+----------+---------+---------------------+
; Worst-case Slack ; -0.149 ; 0.166 ; N/A      ; N/A     ; -3.000              ;
;  CLK             ; -0.149 ; 0.166 ; N/A      ; N/A     ; -3.000              ;
; Design-wide TNS  ; -0.18  ; 0.0   ; 0.0      ; 0.0     ; -7.252              ;
;  CLK             ; -0.180 ; 0.000 ; N/A      ; N/A     ; -7.252              ;
+------------------+--------+-------+----------+---------+---------------------+


+-----------------------------------------------------------------------+
; Clock to Output Times                                                 ;
+-----------+------------+-------+-------+------------+-----------------+
; Data Port ; Clock Port ; Rise  ; Fall  ; Clock Edge ; Clock Reference ;
+-----------+------------+-------+-------+------------+-----------------+
; CQ[*]     ; CLK        ; 6.197 ; 6.281 ; Rise       ; CLK             ;
;  CQ[0]    ; CLK        ; 4.927 ; 4.938 ; Rise       ; CLK             ;
;  CQ[1]    ; CLK        ; 4.934 ; 4.934 ; Rise       ; CLK             ;
;  CQ[2]    ; CLK        ; 6.197 ; 6.281 ; Rise       ; CLK             ;
;  CQ[3]    ; CLK        ; 4.922 ; 4.929 ; Rise       ; CLK             ;
+-----------+------------+-------+-------+------------+-----------------+


+-----------------------------------------------------------------------+
; Minimum Clock to Output Times                                         ;
+-----------+------------+-------+-------+------------+-----------------+
; Data Port ; Clock Port ; Rise  ; Fall  ; Clock Edge ; Clock Reference ;
+-----------+------------+-------+-------+------------+-----------------+
; CQ[*]     ; CLK        ; 2.861 ; 2.911 ; Rise       ; CLK             ;
;  CQ[0]    ; CLK        ; 2.867 ; 2.916 ; Rise       ; CLK             ;
;  CQ[1]    ; CLK        ; 2.867 ; 2.914 ; Rise       ; CLK             ;
;  CQ[2]    ; CLK        ; 3.787 ; 3.890 ; Rise       ; CLK             ;
;  CQ[3]    ; CLK        ; 2.861 ; 2.911 ; Rise       ; CLK             ;
+-----------+------------+-------+-------+------------+-----------------+


+------------------------------------------------------------------------------------------------------------------------------------------------------------------------------------------------------------------------------------------------------------------------------------------------------------------------------------------------------------------+
; Board Trace Model Assignments                                                                                                                                                                                                                                                                                                                                    ;
+---------------+--------------+-------------------+-------------------------+-------------------------+---------------+---------------------+----------------+------------------+--------+------------------+------------------------+------------------------+--------------+---------------+-----------------+-------+---------------------+--------------------+
; Pin           ; I/O Standard ; Near Tline Length ; Near Tline L per Length ; Near Tline C per Length ; Near Series R ; Near Differential R ; Near Pull-up R ; Near Pull-down R ; Near C ; Far Tline Length ; Far Tline L per Length ; Far Tline C per Length ; Far Series R ; Far Pull-up R ; Far Pull-down R ; Far C ; Termination Voltage ; Far Differential R ;
+---------------+--------------+-------------------+-------------------------+-------------------------+---------------+---------------------+----------------+------------------+--------+------------------+------------------------+------------------------+--------------+---------------+-----------------+-------+---------------------+--------------------+
; CQ[0]         ; 2.5 V        ; 0 in              ; 0 H/in                  ; 0 F/in                  ; short         ; -                   ; open           ; open             ; open   ; 0 in             ; 0 H/in                 ; 0 F/in                 ; short        ; open          ; open            ; open  ; 0 V                 ; -                  ;
; CQ[1]         ; 2.5 V        ; 0 in              ; 0 H/in                  ; 0 F/in                  ; short         ; -                   ; open           ; open             ; open   ; 0 in             ; 0 H/in                 ; 0 F/in                 ; short        ; open          ; open            ; open  ; 0 V                 ; -                  ;
; CQ[2]         ; 2.5 V        ; 0 in              ; 0 H/in                  ; 0 F/in                  ; short         ; -                   ; open           ; open             ; open   ; 0 in             ; 0 H/in                 ; 0 F/in                 ; short        ; open          ; open            ; open  ; 0 V                 ; -                  ;
; CQ[3]         ; 2.5 V        ; 0 in              ; 0 H/in                  ; 0 F/in                  ; short         ; -                   ; open           ; open             ; open   ; 0 in             ; 0 H/in                 ; 0 F/in                 ; short        ; open          ; open            ; open  ; 0 V                 ; -                  ;
; ~ALTERA_NCEO~ ; 2.5 V        ; 0 in              ; 0 H/in                  ; 0 F/in                  ; short         ; -                   ; open           ; open             ; open   ; 0 in             ; 0 H/in                 ; 0 F/in                 ; short        ; open          ; open            ; open  ; 0 V                 ; -                  ;
; ~ALTERA_DCLK~ ; 2.5 V        ; 0 in              ; 0 H/in                  ; 0 F/in                  ; short         ; -                   ; open           ; open             ; open   ; 0 in             ; 0 H/in                 ; 0 F/in                 ; short        ; open          ; open            ; open  ; 0 V                 ; -                  ;
+---------------+--------------+-------------------+-------------------------+-------------------------+---------------+---------------------+----------------+------------------+--------+------------------+------------------------+------------------------+--------------+---------------+-----------------+-------+---------------------+--------------------+


+-------------------------------------------------------------------+
; Input Transition Times                                            ;
+----------------+--------------+-----------------+-----------------+
; Pin            ; I/O Standard ; 10-90 Rise Time ; 90-10 Fall Time ;
+----------------+--------------+-----------------+-----------------+
; CLK            ; 2.5 V        ; 2000 ps         ; 2000 ps         ;
; ~ALTERA_DATA0~ ; 2.5 V        ; 2000 ps         ; 2000 ps         ;
; ~ALTERA_ASDO~  ; 2.5 V        ; 2000 ps         ; 2000 ps         ;
; ~ALTERA_NCSO~  ; 2.5 V        ; 2000 ps         ; 2000 ps         ;
+----------------+--------------+-----------------+-----------------+


+--------------------------------------------------------------------------------------------------------------------------------------------------------------------------------------------------------------------------------------------------------------------------------------------------------------------------------------------------------------------------------------------------------------------------------------------------------------------------------------------------------------------------------------------------------------------------------------------------------------------------------------------------------------------------------------------+
; Signal Integrity Metrics (Slow 1200mv 85c Model)                                                                                                                                                                                                                                                                                                                                                                                                                                                                                                                                                                                                                                           ;
+---------------+--------------+---------------------+---------------------+------------------------------+------------------------------+---------------------+---------------------+--------------------------------------+--------------------------------------+-----------------------------+-----------------------------+----------------------------+----------------------------+-----------------------------+-----------------------------+--------------------+--------------------+-------------------------------------+-------------------------------------+----------------------------+----------------------------+---------------------------+---------------------------+
; Pin           ; I/O Standard ; Board Delay on Rise ; Board Delay on Fall ; Steady State Voh at FPGA Pin ; Steady State Vol at FPGA Pin ; Voh Max at FPGA Pin ; Vol Min at FPGA Pin ; Ringback Voltage on Rise at FPGA Pin ; Ringback Voltage on Fall at FPGA Pin ; 10-90 Rise Time at FPGA Pin ; 90-10 Fall Time at FPGA Pin ; Monotonic Rise at FPGA Pin ; Monotonic Fall at FPGA Pin ; Steady State Voh at Far-end ; Steady State Vol at Far-end ; Voh Max at Far-end ; Vol Min at Far-end ; Ringback Voltage on Rise at Far-end ; Ringback Voltage on Fall at Far-end ; 10-90 Rise Time at Far-end ; 90-10 Fall Time at Far-end ; Monotonic Rise at Far-end ; Monotonic Fall at Far-end ;
+---------------+--------------+---------------------+---------------------+------------------------------+------------------------------+---------------------+---------------------+--------------------------------------+--------------------------------------+-----------------------------+-----------------------------+----------------------------+----------------------------+-----------------------------+-----------------------------+--------------------+--------------------+-------------------------------------+-------------------------------------+----------------------------+----------------------------+---------------------------+---------------------------+
; CQ[0]         ; 2.5 V        ; 0 s                 ; 0 s                 ; 2.32 V                       ; 1.06e-006 V                  ; 2.36 V              ; -0.00549 V          ; 0.108 V                              ; 0.017 V                              ; 4.48e-010 s                 ; 4.25e-010 s                 ; Yes                        ; Yes                        ; 2.32 V                      ; 1.06e-006 V                 ; 2.36 V             ; -0.00549 V         ; 0.108 V                             ; 0.017 V                             ; 4.48e-010 s                ; 4.25e-010 s                ; Yes                       ; Yes                       ;
; CQ[1]         ; 2.5 V        ; 0 s                 ; 0 s                 ; 2.32 V                       ; 1.06e-006 V                  ; 2.36 V              ; -0.00549 V          ; 0.108 V                              ; 0.017 V                              ; 4.48e-010 s                 ; 4.25e-010 s                 ; Yes                        ; Yes                        ; 2.32 V                      ; 1.06e-006 V                 ; 2.36 V             ; -0.00549 V         ; 0.108 V                             ; 0.017 V                             ; 4.48e-010 s                ; 4.25e-010 s                ; Yes                       ; Yes                       ;
; CQ[2]         ; 2.5 V        ; 0 s                 ; 0 s                 ; 2.32 V                       ; 1.06e-006 V                  ; 2.33 V              ; -0.00343 V          ; 0.134 V                              ; 0.076 V                              ; 3.33e-009 s                 ; 3.16e-009 s                 ; Yes                        ; Yes                        ; 2.32 V                      ; 1.06e-006 V                 ; 2.33 V             ; -0.00343 V         ; 0.134 V                             ; 0.076 V                             ; 3.33e-009 s                ; 3.16e-009 s                ; Yes                       ; Yes                       ;
; CQ[3]         ; 2.5 V        ; 0 s                 ; 0 s                 ; 2.32 V                       ; 1.06e-006 V                  ; 2.36 V              ; -0.00549 V          ; 0.108 V                              ; 0.017 V                              ; 4.48e-010 s                 ; 4.25e-010 s                 ; Yes                        ; Yes                        ; 2.32 V                      ; 1.06e-006 V                 ; 2.36 V             ; -0.00549 V         ; 0.108 V                             ; 0.017 V                             ; 4.48e-010 s                ; 4.25e-010 s                ; Yes                       ; Yes                       ;
; ~ALTERA_NCEO~ ; 2.5 V        ; 0 s                 ; 0 s                 ; 2.32 V                       ; 6.93e-007 V                  ; 2.4 V               ; -0.0262 V           ; 0.219 V                              ; 0.038 V                              ; 1.85e-010 s                 ; 2.95e-010 s                 ; Yes                        ; Yes                        ; 2.32 V                      ; 6.93e-007 V                 ; 2.4 V              ; -0.0262 V          ; 0.219 V                             ; 0.038 V                             ; 1.85e-010 s                ; 2.95e-010 s                ; Yes                       ; Yes                       ;
; ~ALTERA_DCLK~ ; 2.5 V        ; 0 s                 ; 0 s                 ; 2.32 V                       ; 8.45e-007 V                  ; 2.36 V              ; -0.0169 V           ; 0.083 V                              ; 0.031 V                              ; 4.24e-010 s                 ; 3.46e-010 s                 ; Yes                        ; Yes                        ; 2.32 V                      ; 8.45e-007 V                 ; 2.36 V             ; -0.0169 V          ; 0.083 V                             ; 0.031 V                             ; 4.24e-010 s                ; 3.46e-010 s                ; Yes                       ; Yes                       ;
+---------------+--------------+---------------------+---------------------+------------------------------+------------------------------+---------------------+---------------------+--------------------------------------+--------------------------------------+-----------------------------+-----------------------------+----------------------------+----------------------------+-----------------------------+-----------------------------+--------------------+--------------------+-------------------------------------+-------------------------------------+----------------------------+----------------------------+---------------------------+---------------------------+


+--------------------------------------------------------------------------------------------------------------------------------------------------------------------------------------------------------------------------------------------------------------------------------------------------------------------------------------------------------------------------------------------------------------------------------------------------------------------------------------------------------------------------------------------------------------------------------------------------------------------------------------------------------------------------------------------+
; Signal Integrity Metrics (Fast 1200mv 0c Model)                                                                                                                                                                                                                                                                                                                                                                                                                                                                                                                                                                                                                                            ;
+---------------+--------------+---------------------+---------------------+------------------------------+------------------------------+---------------------+---------------------+--------------------------------------+--------------------------------------+-----------------------------+-----------------------------+----------------------------+----------------------------+-----------------------------+-----------------------------+--------------------+--------------------+-------------------------------------+-------------------------------------+----------------------------+----------------------------+---------------------------+---------------------------+
; Pin           ; I/O Standard ; Board Delay on Rise ; Board Delay on Fall ; Steady State Voh at FPGA Pin ; Steady State Vol at FPGA Pin ; Voh Max at FPGA Pin ; Vol Min at FPGA Pin ; Ringback Voltage on Rise at FPGA Pin ; Ringback Voltage on Fall at FPGA Pin ; 10-90 Rise Time at FPGA Pin ; 90-10 Fall Time at FPGA Pin ; Monotonic Rise at FPGA Pin ; Monotonic Fall at FPGA Pin ; Steady State Voh at Far-end ; Steady State Vol at Far-end ; Voh Max at Far-end ; Vol Min at Far-end ; Ringback Voltage on Rise at Far-end ; Ringback Voltage on Fall at Far-end ; 10-90 Rise Time at Far-end ; 90-10 Fall Time at Far-end ; Monotonic Rise at Far-end ; Monotonic Fall at Far-end ;
+---------------+--------------+---------------------+---------------------+------------------------------+------------------------------+---------------------+---------------------+--------------------------------------+--------------------------------------+-----------------------------+-----------------------------+----------------------------+----------------------------+-----------------------------+-----------------------------+--------------------+--------------------+-------------------------------------+-------------------------------------+----------------------------+----------------------------+---------------------------+---------------------------+
; CQ[0]         ; 2.5 V        ; 0 s                 ; 0 s                 ; 2.62 V                       ; 4.02e-008 V                  ; 2.72 V              ; -0.0354 V           ; 0.174 V                              ; 0.098 V                              ; 2.72e-010 s                 ; 2.69e-010 s                 ; Yes                        ; Yes                        ; 2.62 V                      ; 4.02e-008 V                 ; 2.72 V             ; -0.0354 V          ; 0.174 V                             ; 0.098 V                             ; 2.72e-010 s                ; 2.69e-010 s                ; Yes                       ; Yes                       ;
; CQ[1]         ; 2.5 V        ; 0 s                 ; 0 s                 ; 2.62 V                       ; 4.02e-008 V                  ; 2.72 V              ; -0.0354 V           ; 0.174 V                              ; 0.098 V                              ; 2.72e-010 s                 ; 2.69e-010 s                 ; Yes                        ; Yes                        ; 2.62 V                      ; 4.02e-008 V                 ; 2.72 V             ; -0.0354 V          ; 0.174 V                             ; 0.098 V                             ; 2.72e-010 s                ; 2.69e-010 s                ; Yes                       ; Yes                       ;
; CQ[2]         ; 2.5 V        ; 0 s                 ; 0 s                 ; 2.62 V                       ; 4.02e-008 V                  ; 2.64 V              ; -0.0116 V           ; 0.204 V                              ; 0.177 V                              ; 2.38e-009 s                 ; 2.22e-009 s                 ; No                         ; Yes                        ; 2.62 V                      ; 4.02e-008 V                 ; 2.64 V             ; -0.0116 V          ; 0.204 V                             ; 0.177 V                             ; 2.38e-009 s                ; 2.22e-009 s                ; No                        ; Yes                       ;
; CQ[3]         ; 2.5 V        ; 0 s                 ; 0 s                 ; 2.62 V                       ; 4.02e-008 V                  ; 2.72 V              ; -0.0354 V           ; 0.174 V                              ; 0.098 V                              ; 2.72e-010 s                 ; 2.69e-010 s                 ; Yes                        ; Yes                        ; 2.62 V                      ; 4.02e-008 V                 ; 2.72 V             ; -0.0354 V          ; 0.174 V                             ; 0.098 V                             ; 2.72e-010 s                ; 2.69e-010 s                ; Yes                       ; Yes                       ;
; ~ALTERA_NCEO~ ; 2.5 V        ; 0 s                 ; 0 s                 ; 2.62 V                       ; 2.63e-008 V                  ; 3.12 V              ; -0.143 V            ; 0.569 V                              ; 0.182 V                              ; 8.97e-011 s                 ; 1.75e-010 s                 ; No                         ; Yes                        ; 2.62 V                      ; 2.63e-008 V                 ; 3.12 V             ; -0.143 V           ; 0.569 V                             ; 0.182 V                             ; 8.97e-011 s                ; 1.75e-010 s                ; No                        ; Yes                       ;
; ~ALTERA_DCLK~ ; 2.5 V        ; 0 s                 ; 0 s                 ; 2.62 V                       ; 3.25e-008 V                  ; 2.73 V              ; -0.0629 V           ; 0.154 V                              ; 0.086 V                              ; 2.7e-010 s                  ; 2.25e-010 s                 ; Yes                        ; Yes                        ; 2.62 V                      ; 3.25e-008 V                 ; 2.73 V             ; -0.0629 V          ; 0.154 V                             ; 0.086 V                             ; 2.7e-010 s                 ; 2.25e-010 s                ; Yes                       ; Yes                       ;
+---------------+--------------+---------------------+---------------------+------------------------------+------------------------------+---------------------+---------------------+--------------------------------------+--------------------------------------+-----------------------------+-----------------------------+----------------------------+----------------------------+-----------------------------+-----------------------------+--------------------+--------------------+-------------------------------------+-------------------------------------+----------------------------+----------------------------+---------------------------+---------------------------+


+-------------------------------------------------------------------+
; Setup Transfers                                                   ;
+------------+----------+----------+----------+----------+----------+
; From Clock ; To Clock ; RR Paths ; FR Paths ; RF Paths ; FF Paths ;
+------------+----------+----------+----------+----------+----------+
; CLK        ; CLK      ; 10       ; 0        ; 0        ; 0        ;
+------------+----------+----------+----------+----------+----------+
Entries labeled "false path" only account for clock-to-clock false paths and not path-based false paths. As a result, actual path counts may be lower than reported.


+-------------------------------------------------------------------+
; Hold Transfers                                                    ;
+------------+----------+----------+----------+----------+----------+
; From Clock ; To Clock ; RR Paths ; FR Paths ; RF Paths ; FF Paths ;
+------------+----------+----------+----------+----------+----------+
; CLK        ; CLK      ; 10       ; 0        ; 0        ; 0        ;
+------------+----------+----------+----------+----------+----------+
Entries labeled "false path" only account for clock-to-clock false paths and not path-based false paths. As a result, actual path counts may be lower than reported.


---------------
; Report TCCS ;
---------------
No dedicated SERDES Transmitter circuitry present in device or used in design


---------------
; Report RSKM ;
---------------
No dedicated SERDES Receiver circuitry present in device or used in design


+------------------------------------------------+
; Unconstrained Paths                            ;
+---------------------------------+-------+------+
; Property                        ; Setup ; Hold ;
+---------------------------------+-------+------+
; Illegal Clocks                  ; 0     ; 0    ;
; Unconstrained Clocks            ; 0     ; 0    ;
; Unconstrained Input Ports       ; 0     ; 0    ;
; Unconstrained Input Port Paths  ; 0     ; 0    ;
; Unconstrained Output Ports      ; 4     ; 4    ;
; Unconstrained Output Port Paths ; 4     ; 4    ;
+---------------------------------+-------+------+


+------------------------------------+
; TimeQuest Timing Analyzer Messages ;
+------------------------------------+
Info: *******************************************************************
Info: Running Quartus II 64-Bit TimeQuest Timing Analyzer
    Info: Version 9.1 Build 222 10/21/2009 SJ Full Version
    Info: Processing started: Wed Nov 04 23:12:42 2020
Info: Command: quartus_sta singlecpu -c singlecpu
Info: qsta_default_script.tcl version: #2
Warning: Ignored assignments for entity "singlecpu" -- entity does not exist in design
    Warning: Assignment for entity set_global_assignment -name LL_ROOT_REGION ON -entity singlecpu -section_id "Root Region" was ignored
    Warning: Assignment for entity set_global_assignment -name LL_MEMBER_STATE LOCKED -entity singlecpu -section_id "Root Region" was ignored
Info: Parallel compilation is enabled and will use 6 of the 6 processors detected
Info: high junction temperature operating condition is not set. Assuming a default value of '85'.
Info: low junction temperature operating condition is not set. Assuming a default value of '0'.
Critical Warning: Synopsys Design Constraints File file not found: 'singlecpu.sdc'. A Synopsys Design Constraints File is required by the TimeQuest Timing Analyzer to get proper timing constraints. Without it, the Compiler will not properly optimize the design.
Info: No user constrained base clocks found in the design. Calling "derive_clocks -period 1.0"
Info: Deriving Clocks
    Info: create_clock -period 1.000 -name CLK CLK
Info: No user constrained clock uncertainty found in the design. Calling "derive_clock_uncertainty"
Info: Deriving Clock Uncertainty
    Info: set_clock_uncertainty -rise_from [get_clocks {CLK}] -rise_to [get_clocks {CLK}] -setup 0.020
    Info: set_clock_uncertainty -rise_from [get_clocks {CLK}] -fall_to [get_clocks {CLK}] -setup 0.020
    Info: set_clock_uncertainty -fall_from [get_clocks {CLK}] -rise_to [get_clocks {CLK}] -setup 0.020
    Info: set_clock_uncertainty -fall_from [get_clocks {CLK}] -fall_to [get_clocks {CLK}] -setup 0.020
    Info: set_clock_uncertainty -rise_from [get_clocks {CLK}] -rise_to [get_clocks {CLK}] -hold 0.020
    Info: set_clock_uncertainty -rise_from [get_clocks {CLK}] -fall_to [get_clocks {CLK}] -hold 0.020
    Info: set_clock_uncertainty -fall_from [get_clocks {CLK}] -rise_to [get_clocks {CLK}] -hold 0.020
    Info: set_clock_uncertainty -fall_from [get_clocks {CLK}] -fall_to [get_clocks {CLK}] -hold 0.020
Info: Analyzing Slow 1200mV 85C Model
Critical Warning: Timing requirements not met
Info: Worst-case setup slack is -0.149
    Info:     Slack End Point TNS Clock 
    Info: ========= ============= =====================
    Info:    -0.149        -0.180 CLK 
Info: Worst-case hold slack is 0.336
    Info:     Slack End Point TNS Clock 
    Info: ========= ============= =====================
    Info:     0.336         0.000 CLK 
Info: No Recovery paths to report
Info: No Removal paths to report
Info: Worst-case minimum pulse width slack is -3.000
    Info:     Slack End Point TNS Clock 
    Info: ========= ============= =====================
    Info:    -3.000        -7.000 CLK 
Info: Analyzing Slow 1200mV 0C Model
Info: Started post-fitting delay annotation
Warning: Timing characteristics of device EP4CGX15BF14C6 are preliminary
Info: Delay annotation completed successfully
Info: Deriving Clock Uncertainty
    Info: set_clock_uncertainty -rise_from [get_clocks {CLK}] -rise_to [get_clocks {CLK}] -setup 0.020
    Info: set_clock_uncertainty -rise_from [get_clocks {CLK}] -fall_to [get_clocks {CLK}] -setup 0.020
    Info: set_clock_uncertainty -fall_from [get_clocks {CLK}] -rise_to [get_clocks {CLK}] -setup 0.020
    Info: set_clock_uncertainty -fall_from [get_clocks {CLK}] -fall_to [get_clocks {CLK}] -setup 0.020
    Info: set_clock_uncertainty -rise_from [get_clocks {CLK}] -rise_to [get_clocks {CLK}] -hold 0.020
    Info: set_clock_uncertainty -rise_from [get_clocks {CLK}] -fall_to [get_clocks {CLK}] -hold 0.020
    Info: set_clock_uncertainty -fall_from [get_clocks {CLK}] -rise_to [get_clocks {CLK}] -hold 0.020
    Info: set_clock_uncertainty -fall_from [get_clocks {CLK}] -fall_to [get_clocks {CLK}] -hold 0.020
Critical Warning: Timing requirements not met
Info: Worst-case setup slack is -0.028
    Info:     Slack End Point TNS Clock 
    Info: ========= ============= =====================
    Info:    -0.028        -0.028 CLK 
Info: Worst-case hold slack is 0.290
    Info:     Slack End Point TNS Clock 
    Info: ========= ============= =====================
    Info:     0.290         0.000 CLK 
Info: No Recovery paths to report
Info: No Removal paths to report
Info: Worst-case minimum pulse width slack is -3.000
    Info:     Slack End Point TNS Clock 
    Info: ========= ============= =====================
    Info:    -3.000        -7.000 CLK 
Info: Analyzing Fast 1200mV 0C Model
Info: Started post-fitting delay annotation
Warning: Timing characteristics of device EP4CGX15BF14C6 are preliminary
Info: Delay annotation completed successfully
Info: Deriving Clock Uncertainty
    Info: set_clock_uncertainty -rise_from [get_clocks {CLK}] -rise_to [get_clocks {CLK}] -setup 0.020
    Info: set_clock_uncertainty -rise_from [get_clocks {CLK}] -fall_to [get_clocks {CLK}] -setup 0.020
    Info: set_clock_uncertainty -fall_from [get_clocks {CLK}] -rise_to [get_clocks {CLK}] -setup 0.020
    Info: set_clock_uncertainty -fall_from [get_clocks {CLK}] -fall_to [get_clocks {CLK}] -setup 0.020
    Info: set_clock_uncertainty -rise_from [get_clocks {CLK}] -rise_to [get_clocks {CLK}] -hold 0.020
    Info: set_clock_uncertainty -rise_from [get_clocks {CLK}] -fall_to [get_clocks {CLK}] -hold 0.020
    Info: set_clock_uncertainty -fall_from [get_clocks {CLK}] -rise_to [get_clocks {CLK}] -hold 0.020
    Info: set_clock_uncertainty -fall_from [get_clocks {CLK}] -fall_to [get_clocks {CLK}] -hold 0.020
Info: Worst-case setup slack is 0.350
    Info:     Slack End Point TNS Clock 
    Info: ========= ============= =====================
    Info:     0.350         0.000 CLK 
Info: Worst-case hold slack is 0.166
    Info:     Slack End Point TNS Clock 
    Info: ========= ============= =====================
    Info:     0.166         0.000 CLK 
Info: No Recovery paths to report
Info: No Removal paths to report
Critical Warning: Timing requirements not met
Info: Worst-case minimum pulse width slack is -3.000
    Info:     Slack End Point TNS Clock 
    Info: ========= ============= =====================
    Info:    -3.000        -7.252 CLK 
Info: Design is not fully constrained for setup requirements
Info: Design is not fully constrained for hold requirements
Info: Quartus II 64-Bit TimeQuest Timing Analyzer was successful. 0 errors, 17 warnings
    Info: Peak virtual memory: 4449 megabytes
    Info: Processing ended: Wed Nov 04 23:12:43 2020
    Info: Elapsed time: 00:00:01
    Info: Total CPU time (on all processors): 00:00:01


